<?xml version="1.0" encoding="UTF-8"?>
<testsuite xmlns:xsi="http://www.w3.org/2001/XMLSchema-instance" xsi:schemaLocation="https://maven.apache.org/surefire/maven-surefire-plugin/xsd/surefire-test-report.xsd" name="TestSuite" time="1.494" tests="6" errors="0" skipped="0" failures="0">
  <properties>
[...]
</properties>
  <testcase name="DBcheckEnName" classname="com.ttt.tt.riskdata" time="0.001"/>
  <testcase name="DBcreate" classname="com.ttt.tt.riskdata" time="0"/>
  <testcase name="checkEnName" classname="com.ttt.tt.riskdata" time="0"/>
  <testcase name="testQuery101" classname="com.ttt.tt.riskdata" time="0.001"/>
  <testcase name="testQuery301" classname="com.ttt.tt.riskdata" time="0.381"/>
  <testcase name="test_read1" classname="com.ttt.tt.riskdata" time="0.633"/>
</testsuite>